Buildfile: /home/archuser1/WorkspaceArch/shared/Course/Sem4/Computer Architecture/Assignments_Projects/COA_IITDH_Spring23/Assignment_4/GitGud/GitGud_supporting_files/submissions/build.xml

build-subprojects:

init:
    [mkdir] Created dir: /home/archuser1/WorkspaceArch/shared/Course/Sem4/Computer Architecture/Assignments_Projects/COA_IITDH_Spring23/Assignment_4/GitGud/GitGud_supporting_files/submissions/bin
     [copy] Copying 1 file to /home/archuser1/WorkspaceArch/shared/Course/Sem4/Computer Architecture/Assignments_Projects/COA_IITDH_Spring23/Assignment_4/GitGud/GitGud_supporting_files/submissions/bin

build-project:
    [javac] Compiling 24 source files to /home/archuser1/WorkspaceArch/shared/Course/Sem4/Computer Architecture/Assignments_Projects/COA_IITDH_Spring23/Assignment_4/GitGud/GitGud_supporting_files/submissions/bin
    [javac] warning: [options] bootstrap class path not set in conjunction with -source 8
    [javac] warning: [options] source value 8 is obsolete and will be removed in a future release
    [javac] warning: [options] target value 8 is obsolete and will be removed in a future release
    [javac] warning: [options] To suppress warnings about obsolete options, use -Xlint:-options.
    [javac] 4 warnings

build:

make-jar:
    [mkdir] Created dir: /home/archuser1/WorkspaceArch/shared/Course/Sem4/Computer Architecture/Assignments_Projects/COA_IITDH_Spring23/Assignment_4/GitGud/GitGud_supporting_files/submissions/jars
      [jar] Building jar: /home/archuser1/WorkspaceArch/shared/Course/Sem4/Computer Architecture/Assignments_Projects/COA_IITDH_Spring23/Assignment_4/GitGud/GitGud_supporting_files/submissions/jars/simulator.jar

BUILD SUCCESSFUL
Total time: 0 seconds
Buildfile: /home/archuser1/WorkspaceArch/shared/Course/Sem4/Computer Architecture/Assignments_Projects/COA_IITDH_Spring23/Assignment_4/GitGud/GitGud_supporting_files/submissions/build.xml

build-subprojects:

init:
     [copy] Copying 1 file to /home/archuser1/WorkspaceArch/shared/Course/Sem4/Computer Architecture/Assignments_Projects/COA_IITDH_Spring23/Assignment_4/GitGud/GitGud_supporting_files/submissions/bin

build-project:
    [javac] Compiling 24 source files to /home/archuser1/WorkspaceArch/shared/Course/Sem4/Computer Architecture/Assignments_Projects/COA_IITDH_Spring23/Assignment_4/GitGud/GitGud_supporting_files/submissions/bin
    [javac] warning: [options] bootstrap class path not set in conjunction with -source 8
    [javac] warning: [options] source value 8 is obsolete and will be removed in a future release
    [javac] warning: [options] target value 8 is obsolete and will be removed in a future release
    [javac] warning: [options] To suppress warnings about obsolete options, use -Xlint:-options.
    [javac] 4 warnings

build:

make-jar:
      [jar] Building jar: /home/archuser1/WorkspaceArch/shared/Course/Sem4/Computer Architecture/Assignments_Projects/COA_IITDH_Spring23/Assignment_4/GitGud/GitGud_supporting_files/submissions/jars/simulator.jar

BUILD SUCCESSFUL
Total time: 0 seconds
